<?xml version="1.0" encoding="UTF-8"?>
<!-- Generated by org.testng.reporters.JUnitReportReporter -->
<testsuite hostname="AliMun" name="com.alimun.keywordframework.FaceBookFriends" tests="1" failures="0" timestamp="16 Apr 2016 04:10:16 GMT" time="54.817" errors="0">
  <testcase name="faceBook_FriendList" time="54.817" classname="com.alimun.keywordframework.FaceBookFriends"/>
</testsuite> <!-- com.alimun.keywordframework.FaceBookFriends -->
