<?xml version="1.0" encoding="UTF-8"?>
<!-- Generated by org.testng.reporters.JUnitReportReporter -->
<testsuite hostname="AliMun" name="com.alimun.keywordframework.AmericanGolfPutterSum" tests="1" failures="0" timestamp="16 Apr 2016 04:42:15 GMT" time="15.822" errors="0">
  <testcase name="sumOfGolfPutters" time="15.822" classname="com.alimun.keywordframework.AmericanGolfPutterSum"/>
</testsuite> <!-- com.alimun.keywordframework.AmericanGolfPutterSum -->
